Using pre-set license
Built from '2022.3/staging' branch; Version is '2022.3.62f1 (4af31df58517) revision 4911901'; Using compiler version '192829333'; Build Type 'Release'
OS: 'Windows 11  (10.0.26100) 64bit Core' Language: 'en' Physical Memory: 16119 MB
BatchMode: 1, IsHumanControllingUs: 0, StartBugReporterOnCrash: 0, Is64bit: 1, IsPro: 1

COMMAND LINE ARGUMENTS:
C:\Program Files\Unity\Hub\Editor\2022.3.62f1\Editor\Unity.exe
-adb2
-batchMode
-noUpm
-name
AssetImportWorker2
-projectPath
C:/Users/tiago_qr6vbzw/OneDrive/Documentos/GitHub/AR400CoinCollector3D/CoinCollector1.1
-logFile
Logs/AssetImportWorker2.log
-srvPort
64684
Successfully changed project path to: C:/Users/tiago_qr6vbzw/OneDrive/Documentos/GitHub/AR400CoinCollector3D/CoinCollector1.1
C:/Users/tiago_qr6vbzw/OneDrive/Documentos/GitHub/AR400CoinCollector3D/CoinCollector1.1
[UnityMemory] Configuration Parameters - Can be set up in boot.config
    "memorysetup-bucket-allocator-granularity=16"
    "memorysetup-bucket-allocator-bucket-count=8"
    "memorysetup-bucket-allocator-block-size=33554432"
    "memorysetup-bucket-allocator-block-count=8"
    "memorysetup-main-allocator-block-size=16777216"
    "memorysetup-thread-allocator-block-size=16777216"
    "memorysetup-gfx-main-allocator-block-size=16777216"
    "memorysetup-gfx-thread-allocator-block-size=16777216"
    "memorysetup-cache-allocator-block-size=4194304"
    "memorysetup-typetree-allocator-block-size=2097152"
    "memorysetup-profiler-bucket-allocator-granularity=16"
    "memorysetup-profiler-bucket-allocator-bucket-count=8"
    "memorysetup-profiler-bucket-allocator-block-size=33554432"
    "memorysetup-profiler-bucket-allocator-block-count=8"
    "memorysetup-profiler-allocator-block-size=16777216"
    "memorysetup-profiler-editor-allocator-block-size=1048576"
    "memorysetup-temp-allocator-size-main=16777216"
    "memorysetup-job-temp-allocator-block-size=2097152"
    "memorysetup-job-temp-allocator-block-size-background=1048576"
    "memorysetup-job-temp-allocator-reduction-small-platforms=262144"
    "memorysetup-allocator-temp-initial-block-size-main=262144"
    "memorysetup-allocator-temp-initial-block-size-worker=262144"
    "memorysetup-temp-allocator-size-background-worker=32768"
    "memorysetup-temp-allocator-size-job-worker=262144"
    "memorysetup-temp-allocator-size-preload-manager=33554432"
    "memorysetup-temp-allocator-size-nav-mesh-worker=65536"
    "memorysetup-temp-allocator-size-audio-worker=65536"
    "memorysetup-temp-allocator-size-cloud-worker=32768"
    "memorysetup-temp-allocator-size-gi-baking-worker=262144"
    "memorysetup-temp-allocator-size-gfx=262144"
Player connection [25636]  Target information:

Player connection [25636]  * "[IP] 192.168.0.180 [Port] 0 [Flags] 2 [Guid] 433147546 [EditorId] 433147546 [Version] 1048832 [Id] WindowsEditor(7,Acer_TiagoS) [Debug] 1 [PackageName] WindowsEditor [ProjectName] Editor" 

Player connection [25636] Host joined multi-casting on [225.0.0.222:54997]...
Player connection [25636] Host joined alternative multi-casting on [225.0.0.222:34997]...
Input System module state changed to: Initialized.
[PhysX] Initialized MultithreadedTaskDispatcher with 24 workers.
Refreshing native plugins compatible for Editor in 7.83 ms, found 3 plugins.
Preloading 0 native plugins for Editor in 0.00 ms.
Initialize engine version: 2022.3.62f1 (4af31df58517)
[Subsystems] Discovering subsystems at path C:/Program Files/Unity/Hub/Editor/2022.3.62f1/Editor/Data/Resources/UnitySubsystems
[Subsystems] Discovering subsystems at path C:/Users/tiago_qr6vbzw/OneDrive/Documentos/GitHub/AR400CoinCollector3D/CoinCollector1.1/Assets
GfxDevice: creating device client; threaded=0; jobified=0
Direct3D:
    Version:  Direct3D 11.0 [level 11.1]
    Renderer: NVIDIA GeForce RTX 4060 Laptop GPU (ID=0x28e0)
    Vendor:   NVIDIA
    VRAM:     7957 MB
    Driver:   32.0.15.7270
Initialize mono
Mono path[0] = 'C:/Program Files/Unity/Hub/Editor/2022.3.62f1/Editor/Data/Managed'
Mono path[1] = 'C:/Program Files/Unity/Hub/Editor/2022.3.62f1/Editor/Data/MonoBleedingEdge/lib/mono/unityjit-win32'
Mono config path = 'C:/Program Files/Unity/Hub/Editor/2022.3.62f1/Editor/Data/MonoBleedingEdge/etc'
Using monoOptions --debugger-agent=transport=dt_socket,embedding=1,server=y,suspend=n,address=127.0.0.1:56196
Begin MonoManager ReloadAssembly
Registering precompiled unity dll's ...
Register platform support module: C:/Program Files/Unity/Hub/Editor/2022.3.62f1/Editor/Data/PlaybackEngines/WindowsStandaloneSupport/UnityEditor.WindowsStandalone.Extensions.dll
Registered in 0.006659 seconds.
- Loaded All Assemblies, in  0.397 seconds
Native extension for WindowsStandalone target not found
Mono: successfully reloaded assembly
- Finished resetting the current domain, in  0.217 seconds
Domain Reload Profiling: 612ms
	BeginReloadAssembly (164ms)
		ExecutionOrderSort (0ms)
		DisableScriptedObjects (0ms)
		BackupInstance (0ms)
		ReleaseScriptingObjects (0ms)
		CreateAndSetChildDomain (1ms)
	RebuildCommonClasses (35ms)
	RebuildNativeTypeToScriptingClass (10ms)
	initialDomainReloadingComplete (55ms)
	LoadAllAssembliesAndSetupDomain (132ms)
		LoadAssemblies (162ms)
		RebuildTransferFunctionScriptingTraits (0ms)
		AnalyzeDomain (129ms)
			TypeCache.Refresh (127ms)
				TypeCache.ScanAssembly (115ms)
			ScanForSourceGeneratedMonoScriptInfo (0ms)
			ResolveRequiredComponents (1ms)
	FinalizeReload (218ms)
		ReleaseScriptCaches (0ms)
		RebuildScriptCaches (0ms)
		SetupLoadedEditorAssemblies (175ms)
			LogAssemblyErrors (0ms)
			InitializePlatformSupportModulesInManaged (9ms)
			SetLoadedEditorAssemblies (6ms)
			RefreshPlugins (0ms)
			BeforeProcessingInitializeOnLoad (2ms)
			ProcessInitializeOnLoadAttributes (119ms)
			ProcessInitializeOnLoadMethodAttributes (38ms)
			AfterProcessingInitializeOnLoad (0ms)
			EditorAssembliesLoaded (0ms)
		ExecutionOrderSort2 (0ms)
		AwakeInstancesAfterBackupRestoration (0ms)
========================================================================
Worker process is ready to serve import requests
Caller must complete domain reload
Begin MonoManager ReloadAssembly
- Loaded All Assemblies, in  0.833 seconds
Native extension for WindowsStandalone target not found
Mono: successfully reloaded assembly
- Finished resetting the current domain, in  0.725 seconds
Domain Reload Profiling: 1556ms
	BeginReloadAssembly (160ms)
		ExecutionOrderSort (0ms)
		DisableScriptedObjects (4ms)
		BackupInstance (0ms)
		ReleaseScriptingObjects (0ms)
		CreateAndSetChildDomain (17ms)
	RebuildCommonClasses (24ms)
	RebuildNativeTypeToScriptingClass (7ms)
	initialDomainReloadingComplete (30ms)
	LoadAllAssembliesAndSetupDomain (610ms)
		LoadAssemblies (567ms)
		RebuildTransferFunctionScriptingTraits (0ms)
		AnalyzeDomain (153ms)
			TypeCache.Refresh (133ms)
				TypeCache.ScanAssembly (117ms)
			ScanForSourceGeneratedMonoScriptInfo (13ms)
			ResolveRequiredComponents (6ms)
	FinalizeReload (725ms)
		ReleaseScriptCaches (0ms)
		RebuildScriptCaches (0ms)
		SetupLoadedEditorAssemblies (570ms)
			LogAssemblyErrors (0ms)
			InitializePlatformSupportModulesInManaged (5ms)
			SetLoadedEditorAssemblies (3ms)
			RefreshPlugins (0ms)
			BeforeProcessingInitializeOnLoad (58ms)
			ProcessInitializeOnLoadAttributes (479ms)
			ProcessInitializeOnLoadMethodAttributes (19ms)
			AfterProcessingInitializeOnLoad (6ms)
			EditorAssembliesLoaded (0ms)
		ExecutionOrderSort2 (0ms)
		AwakeInstancesAfterBackupRestoration (11ms)
Launched and connected shader compiler UnityShaderCompiler.exe after 0.25 seconds
Refreshing native plugins compatible for Editor in 4.11 ms, found 3 plugins.
Preloading 0 native plugins for Editor in 0.00 ms.
Unloading 3234 Unused Serialized files (Serialized files now loaded: 0)
Unloading 19 unused Assets / (55.1 KB). Loaded Objects now: 3720.
Memory consumption went from 132.6 MB to 132.5 MB.
Total: 10.341000 ms (FindLiveObjects: 0.262800 ms CreateObjectMapping: 0.161600 ms MarkObjects: 9.757400 ms  DeleteObjects: 0.157600 ms)

AssetImportParameters requested are different than current active one (requested -> active):
  custom:container-demuxer-ogg: 62fdf1f143b41e24485cea50d1cbac27 -> 
  custom:video-decoder-ogg-theora: a1e56fd34408186e4bbccfd4996cb3dc -> 
  custom:framework-win-MediaFoundation: 216162199b28c13a410421893ffa2e32 -> 
  custom:CustomObjectIndexerAttribute: 9a22284fe3817be447336de3de66b15e -> 
  custom:container-demuxer-webm: 4f35f7cbe854078d1ac9338744f61a02 -> 
  custom:container-muxer-webm: aa71ff27fc2769a1b78a27578f13a17b -> 
  custom:video-decoder-webm-vp8: 9c59270c3fd7afecdb556c50c9e8de78 -> 
  custom:SearchIndexIgnoredProperties: e643bd26f0fe6173181afceb89e7c659 -> 
  custom:AudioImporter_EditorPlatform: d09bf68614088b80899f8185d706f6e7 -> 
  custom:video-encoder-webm-vp8: eb34c28f22e8b96e1ab97ce403110664 -> 
  custom:audio-decoder-ogg-vorbis: bf7c407c2cedff20999df2af8eb42d56 -> 
  custom:audio-encoder-webm-vorbis: bf7c407c2cedff20999df2af8eb42d56 -> 
========================================================================
Received Import Request.
  Time since last request: 1062240.666439 seconds.
  path: Assets/Maritime_Heritage/Prefabs/SM_Celadon_Kettle_cap 3.prefab
  artifactKey: Guid(1b568f74687d99947b5d503c4c172f73) Importer(815301076,1909f56bfc062723c751e8b465ee728b)
Start importing Assets/Maritime_Heritage/Prefabs/SM_Celadon_Kettle_cap 3.prefab using Guid(1b568f74687d99947b5d503c4c172f73) Importer(815301076,1909f56bfc062723c751e8b465ee728b) [PhysX] Initialized MultithreadedTaskDispatcher with 24 workers.
[PhysX] Initialized MultithreadedTaskDispatcher with 24 workers.
 -> (artifact id: '68bae9756c16ec3a6c564a32b1bd3929') in 0.116912 seconds
Number of updated asset objects reloaded before import = 0
Number of asset objects unloaded after import = 14
========================================================================
Received Import Request.
  Time since last request: 39.905176 seconds.
  path: Assets/Maritime_Heritage/Prefabs/SM_Celadon_Kettle_kettle 5.prefab
  artifactKey: Guid(2b6db3991506c5d468ba54b3b0afc6ca) Importer(815301076,1909f56bfc062723c751e8b465ee728b)
Start importing Assets/Maritime_Heritage/Prefabs/SM_Celadon_Kettle_kettle 5.prefab using Guid(2b6db3991506c5d468ba54b3b0afc6ca) Importer(815301076,1909f56bfc062723c751e8b465ee728b) [PhysX] Initialized MultithreadedTaskDispatcher with 24 workers.
[PhysX] Initialized MultithreadedTaskDispatcher with 24 workers.
 -> (artifact id: 'dd16256bc77eaaa913cafaca6ffd11ce') in 0.101616 seconds
Number of updated asset objects reloaded before import = 0
Number of asset objects unloaded after import = 14
========================================================================
Received Import Request.
  Time since last request: 0.000020 seconds.
  path: Assets/Maritime_Heritage/Prefabs/SM_Mado_Jal 2.prefab
  artifactKey: Guid(abe9f87c5766d0d468bf0e38e1c638e9) Importer(815301076,1909f56bfc062723c751e8b465ee728b)
Start importing Assets/Maritime_Heritage/Prefabs/SM_Mado_Jal 2.prefab using Guid(abe9f87c5766d0d468bf0e38e1c638e9) Importer(815301076,1909f56bfc062723c751e8b465ee728b) [PhysX] Initialized MultithreadedTaskDispatcher with 24 workers.
[PhysX] Initialized MultithreadedTaskDispatcher with 24 workers.
 -> (artifact id: 'aba9a8a9d8356518c1df39da50e7f849') in 0.127925 seconds
Number of updated asset objects reloaded before import = 0
Number of asset objects unloaded after import = 15
========================================================================
Received Import Request.
  Time since last request: 0.000046 seconds.
  path: Assets/Maritime_Heritage/Prefabs/SM_Celadon_PorcelainA 3.prefab
  artifactKey: Guid(faf401ff0cb7ab4408247d0c7115f335) Importer(815301076,1909f56bfc062723c751e8b465ee728b)
Start importing Assets/Maritime_Heritage/Prefabs/SM_Celadon_PorcelainA 3.prefab using Guid(faf401ff0cb7ab4408247d0c7115f335) Importer(815301076,1909f56bfc062723c751e8b465ee728b) [PhysX] Initialized MultithreadedTaskDispatcher with 24 workers.
[PhysX] Initialized MultithreadedTaskDispatcher with 24 workers.
 -> (artifact id: '1cc26a5362903b30d81547ec0080d658') in 0.013279 seconds
Number of updated asset objects reloaded before import = 0
Number of asset objects unloaded after import = 14
========================================================================
Received Import Request.
  Time since last request: 0.000051 seconds.
  path: Assets/Maritime_Heritage/Prefabs/SM_LionIncenseBurner_top 3.prefab
  artifactKey: Guid(91e98cd783d3d8c45aa304ae21666711) Importer(815301076,1909f56bfc062723c751e8b465ee728b)
Start importing Assets/Maritime_Heritage/Prefabs/SM_LionIncenseBurner_top 3.prefab using Guid(91e98cd783d3d8c45aa304ae21666711) Importer(815301076,1909f56bfc062723c751e8b465ee728b) [PhysX] Initialized MultithreadedTaskDispatcher with 24 workers.
[PhysX] Initialized MultithreadedTaskDispatcher with 24 workers.
 -> (artifact id: '1e551c8baf00f8933fadcda0a07ef1e0') in 0.027946 seconds
Number of updated asset objects reloaded before import = 0
Number of asset objects unloaded after import = 13
========================================================================
Received Import Request.
  Time since last request: 0.000044 seconds.
  path: Assets/Maritime_Heritage/Prefabs/SM_Mado_BacketB 2.prefab
  artifactKey: Guid(ebc5859110e7c95459a84420919d478e) Importer(815301076,1909f56bfc062723c751e8b465ee728b)
Start importing Assets/Maritime_Heritage/Prefabs/SM_Mado_BacketB 2.prefab using Guid(ebc5859110e7c95459a84420919d478e) Importer(815301076,1909f56bfc062723c751e8b465ee728b) [PhysX] Initialized MultithreadedTaskDispatcher with 24 workers.
[PhysX] Initialized MultithreadedTaskDispatcher with 24 workers.
 -> (artifact id: '938e8af00bb70fa4bbe1ada0e00b7c3a') in 0.045833 seconds
Number of updated asset objects reloaded before import = 0
Number of asset objects unloaded after import = 14
========================================================================
Received Import Request.
  Time since last request: 0.000036 seconds.
  path: Assets/Maritime_Heritage/Prefabs/SM_Mado_BacketB 3.prefab
  artifactKey: Guid(5fb4b8a60c72e2549ba35ffe1386f3c0) Importer(815301076,1909f56bfc062723c751e8b465ee728b)
Start importing Assets/Maritime_Heritage/Prefabs/SM_Mado_BacketB 3.prefab using Guid(5fb4b8a60c72e2549ba35ffe1386f3c0) Importer(815301076,1909f56bfc062723c751e8b465ee728b) [PhysX] Initialized MultithreadedTaskDispatcher with 24 workers.
[PhysX] Initialized MultithreadedTaskDispatcher with 24 workers.
 -> (artifact id: '5a0c963c87773eddce14bab74ebdfd92') in 0.022357 seconds
Number of updated asset objects reloaded before import = 0
Number of asset objects unloaded after import = 14
========================================================================
Received Import Request.
  Time since last request: 0.000025 seconds.
  path: Assets/Maritime_Heritage/Prefabs/SM_Mado_Burner 2.prefab
  artifactKey: Guid(b2d9704aab6f79f4a8becfdf96818b1a) Importer(815301076,1909f56bfc062723c751e8b465ee728b)
Start importing Assets/Maritime_Heritage/Prefabs/SM_Mado_Burner 2.prefab using Guid(b2d9704aab6f79f4a8becfdf96818b1a) Importer(815301076,1909f56bfc062723c751e8b465ee728b) [PhysX] Initialized MultithreadedTaskDispatcher with 24 workers.
[PhysX] Initialized MultithreadedTaskDispatcher with 24 workers.
 -> (artifact id: '73701a6cc70544477602e744ff8c8026') in 0.048800 seconds
Number of updated asset objects reloaded before import = 0
Number of asset objects unloaded after import = 14
========================================================================
Received Import Request.
  Time since last request: 27.253146 seconds.
  path: Assets/Maritime_Heritage/Prefabs/SM_Celadon_Kettle_kettle 9.prefab
  artifactKey: Guid(af7c15dcbef5f5942b15222de2aeefd0) Importer(815301076,1909f56bfc062723c751e8b465ee728b)
Start importing Assets/Maritime_Heritage/Prefabs/SM_Celadon_Kettle_kettle 9.prefab using Guid(af7c15dcbef5f5942b15222de2aeefd0) Importer(815301076,1909f56bfc062723c751e8b465ee728b) [PhysX] Initialized MultithreadedTaskDispatcher with 24 workers.
[PhysX] Initialized MultithreadedTaskDispatcher with 24 workers.
 -> (artifact id: '479eff0d5c92786a2ca805bfcd476ede') in 0.030217 seconds
Number of updated asset objects reloaded before import = 0
Number of asset objects unloaded after import = 14
========================================================================
Received Import Request.
  Time since last request: 2.739931 seconds.
  path: Assets/Maritime_Heritage/Prefabs/SM_Celadon_Kettle_kettle 13.prefab
  artifactKey: Guid(5ab5ee696fb73da42bdc60e7512eb3c4) Importer(815301076,1909f56bfc062723c751e8b465ee728b)
Start importing Assets/Maritime_Heritage/Prefabs/SM_Celadon_Kettle_kettle 13.prefab using Guid(5ab5ee696fb73da42bdc60e7512eb3c4) Importer(815301076,1909f56bfc062723c751e8b465ee728b) [PhysX] Initialized MultithreadedTaskDispatcher with 24 workers.
[PhysX] Initialized MultithreadedTaskDispatcher with 24 workers.
 -> (artifact id: '36b73908f2e975ca2f0b7807fe527629') in 0.059779 seconds
Number of updated asset objects reloaded before import = 0
Number of asset objects unloaded after import = 14
========================================================================
Received Import Request.
  Time since last request: 29.927711 seconds.
  path: Assets/Maritime_Heritage/Prefabs/SM_Celadon_PorcelainA 5.prefab
  artifactKey: Guid(f49ac8ad6eb95d4448eb05f07b4f63c1) Importer(815301076,1909f56bfc062723c751e8b465ee728b)
Start importing Assets/Maritime_Heritage/Prefabs/SM_Celadon_PorcelainA 5.prefab using Guid(f49ac8ad6eb95d4448eb05f07b4f63c1) Importer(815301076,1909f56bfc062723c751e8b465ee728b) [PhysX] Initialized MultithreadedTaskDispatcher with 24 workers.
[PhysX] Initialized MultithreadedTaskDispatcher with 24 workers.
 -> (artifact id: '70d791052c0a8b0f61f4b2b9597b2d4c') in 0.046864 seconds
Number of updated asset objects reloaded before import = 0
Number of asset objects unloaded after import = 14
========================================================================
Received Import Request.
  Time since last request: 0.000029 seconds.
  path: Assets/Maritime_Heritage/Prefabs/SM_Celadon_PorcelainB 7.prefab
  artifactKey: Guid(a0e95f2aed2bc454baa3869181d06932) Importer(815301076,1909f56bfc062723c751e8b465ee728b)
Start importing Assets/Maritime_Heritage/Prefabs/SM_Celadon_PorcelainB 7.prefab using Guid(a0e95f2aed2bc454baa3869181d06932) Importer(815301076,1909f56bfc062723c751e8b465ee728b) [PhysX] Initialized MultithreadedTaskDispatcher with 24 workers.
[PhysX] Initialized MultithreadedTaskDispatcher with 24 workers.
 -> (artifact id: '3e03713e2a9b59792346c86e7f036b2b') in 0.164293 seconds
Number of updated asset objects reloaded before import = 0
Number of asset objects unloaded after import = 14
========================================================================
Received Import Request.
  Time since last request: 3.634969 seconds.
  path: Assets/Maritime_Heritage/Prefabs/Prefabs/SM_Celadon_PorcelainA 2.prefab
  artifactKey: Guid(b58cceb3ba71d7f478c08fbd9b0039cd) Importer(815301076,1909f56bfc062723c751e8b465ee728b)
Start importing Assets/Maritime_Heritage/Prefabs/Prefabs/SM_Celadon_PorcelainA 2.prefab using Guid(b58cceb3ba71d7f478c08fbd9b0039cd) Importer(815301076,1909f56bfc062723c751e8b465ee728b) [PhysX] Initialized MultithreadedTaskDispatcher with 24 workers.
[PhysX] Initialized MultithreadedTaskDispatcher with 24 workers.
 -> (artifact id: '067fc077d18b23104f4b4d683d13c318') in 0.019883 seconds
Number of updated asset objects reloaded before import = 0
Number of asset objects unloaded after import = 14
========================================================================
Received Import Request.
  Time since last request: 0.000026 seconds.
  path: Assets/Maritime_Heritage/Prefabs/Prefabs/SM_Mado_BacketC.prefab
  artifactKey: Guid(22c44dec22b0b2941b5a86fdae02f231) Importer(815301076,1909f56bfc062723c751e8b465ee728b)
Start importing Assets/Maritime_Heritage/Prefabs/Prefabs/SM_Mado_BacketC.prefab using Guid(22c44dec22b0b2941b5a86fdae02f231) Importer(815301076,1909f56bfc062723c751e8b465ee728b) [PhysX] Initialized MultithreadedTaskDispatcher with 24 workers.
[PhysX] Initialized MultithreadedTaskDispatcher with 24 workers.
 -> (artifact id: '9f7c13a37146d9a4ee567cde91ea67d7') in 0.111798 seconds
Number of updated asset objects reloaded before import = 0
Number of asset objects unloaded after import = 18
========================================================================
Received Import Request.
  Time since last request: 0.000035 seconds.
  path: Assets/Maritime_Heritage/Prefabs/Prefabs/SM_LionIncenseBurner_bottom 2.prefab
  artifactKey: Guid(6b0084bcc14250742978b411e75f2f04) Importer(815301076,1909f56bfc062723c751e8b465ee728b)
Start importing Assets/Maritime_Heritage/Prefabs/Prefabs/SM_LionIncenseBurner_bottom 2.prefab using Guid(6b0084bcc14250742978b411e75f2f04) Importer(815301076,1909f56bfc062723c751e8b465ee728b) [PhysX] Initialized MultithreadedTaskDispatcher with 24 workers.
[PhysX] Initialized MultithreadedTaskDispatcher with 24 workers.
 -> (artifact id: '2961699554415b4813d9352da396a580') in 0.041876 seconds
Number of updated asset objects reloaded before import = 0
Number of asset objects unloaded after import = 14
========================================================================
Received Import Request.
  Time since last request: 0.000039 seconds.
  path: Assets/Maritime_Heritage/Prefabs/Prefabs/SM_Mado_Burner 3.prefab
  artifactKey: Guid(e484d52c98e142446a2b85f2ec0f8da4) Importer(815301076,1909f56bfc062723c751e8b465ee728b)
Start importing Assets/Maritime_Heritage/Prefabs/Prefabs/SM_Mado_Burner 3.prefab using Guid(e484d52c98e142446a2b85f2ec0f8da4) Importer(815301076,1909f56bfc062723c751e8b465ee728b) [PhysX] Initialized MultithreadedTaskDispatcher with 24 workers.
[PhysX] Initialized MultithreadedTaskDispatcher with 24 workers.
 -> (artifact id: '2954f14dacd3604dd10d23ae5c026bfd') in 0.123241 seconds
Number of updated asset objects reloaded before import = 0
Number of asset objects unloaded after import = 14
========================================================================
Received Import Request.
  Time since last request: 0.000039 seconds.
  path: Assets/Maritime_Heritage/Prefabs/Prefabs/SM_Mado_Jal 2.prefab
  artifactKey: Guid(fa1f235fabb04304e8e15c7f52bf0474) Importer(815301076,1909f56bfc062723c751e8b465ee728b)
Start importing Assets/Maritime_Heritage/Prefabs/Prefabs/SM_Mado_Jal 2.prefab using Guid(fa1f235fabb04304e8e15c7f52bf0474) Importer(815301076,1909f56bfc062723c751e8b465ee728b) [PhysX] Initialized MultithreadedTaskDispatcher with 24 workers.
[PhysX] Initialized MultithreadedTaskDispatcher with 24 workers.
 -> (artifact id: '55d8e98f4cd50aedc3ab30aa8936ea84') in 0.050398 seconds
Number of updated asset objects reloaded before import = 0
Number of asset objects unloaded after import = 15
========================================================================
Received Import Request.
  Time since last request: 0.000033 seconds.
  path: Assets/Maritime_Heritage/Prefabs/Prefabs/SM_Mado_BacketA 2.prefab
  artifactKey: Guid(3339e2c3ef095d148a5fe8fcaf4a846c) Importer(815301076,1909f56bfc062723c751e8b465ee728b)
Start importing Assets/Maritime_Heritage/Prefabs/Prefabs/SM_Mado_BacketA 2.prefab using Guid(3339e2c3ef095d148a5fe8fcaf4a846c) Importer(815301076,1909f56bfc062723c751e8b465ee728b) [PhysX] Initialized MultithreadedTaskDispatcher with 24 workers.
[PhysX] Initialized MultithreadedTaskDispatcher with 24 workers.
 -> (artifact id: '9d9d7f15b948fa1eccc604c9b2a12b00') in 0.045196 seconds
Number of updated asset objects reloaded before import = 0
Number of asset objects unloaded after import = 15
========================================================================
Received Import Request.
  Time since last request: 0.000031 seconds.
  path: Assets/Maritime_Heritage/Prefabs/Prefabs/SM_Mado_BacketB 3.prefab
  artifactKey: Guid(324f20f6f287dff4db4c02892d17f8d7) Importer(815301076,1909f56bfc062723c751e8b465ee728b)
Start importing Assets/Maritime_Heritage/Prefabs/Prefabs/SM_Mado_BacketB 3.prefab using Guid(324f20f6f287dff4db4c02892d17f8d7) Importer(815301076,1909f56bfc062723c751e8b465ee728b) [PhysX] Initialized MultithreadedTaskDispatcher with 24 workers.
[PhysX] Initialized MultithreadedTaskDispatcher with 24 workers.
 -> (artifact id: '96d03d022d69f2001189b9838437c393') in 0.017576 seconds
Number of updated asset objects reloaded before import = 0
Number of asset objects unloaded after import = 14
========================================================================
Received Import Request.
  Time since last request: 0.000039 seconds.
  path: Assets/Maritime_Heritage/Prefabs/Prefabs/SM_LionIncenseBurner_bottom 1.prefab
  artifactKey: Guid(9acf5c7f0e52c43438a002911ec5f6e6) Importer(815301076,1909f56bfc062723c751e8b465ee728b)
Start importing Assets/Maritime_Heritage/Prefabs/Prefabs/SM_LionIncenseBurner_bottom 1.prefab using Guid(9acf5c7f0e52c43438a002911ec5f6e6) Importer(815301076,1909f56bfc062723c751e8b465ee728b) [PhysX] Initialized MultithreadedTaskDispatcher with 24 workers.
[PhysX] Initialized MultithreadedTaskDispatcher with 24 workers.
 -> (artifact id: 'dc0907c74cd6c58015faf4244ee974c4') in 0.018746 seconds
Number of updated asset objects reloaded before import = 0
Number of asset objects unloaded after import = 14
Editor requested this worker to shutdown with reason: Scaling down because of idle timeout
TcpMessagingSession - receive error: operation aborted. errorcode: 995, details: The I/O operation has been aborted because of either a thread exit or an application request.
AssetImportWorker is now disconnected from the server
Process exiting
Exiting without the bug reporter. Application will terminate with return code 0