Using pre-set license
Built from '2022.3/staging' branch; Version is '2022.3.62f1 (4af31df58517) revision 4911901'; Using compiler version '192829333'; Build Type 'Release'
OS: 'Windows 11  (10.0.26100) 64bit Core' Language: 'en' Physical Memory: 16119 MB
BatchMode: 1, IsHumanControllingUs: 0, StartBugReporterOnCrash: 0, Is64bit: 1, IsPro: 1

COMMAND LINE ARGUMENTS:
C:\Program Files\Unity\Hub\Editor\2022.3.62f1\Editor\Unity.exe
-adb2
-batchMode
-noUpm
-name
AssetImportWorker3
-projectPath
C:/Users/tiago_qr6vbzw/OneDrive/Documentos/GitHub/AR400CoinCollector3D/CoinCollector1.1
-logFile
Logs/AssetImportWorker3.log
-srvPort
64684
Successfully changed project path to: C:/Users/tiago_qr6vbzw/OneDrive/Documentos/GitHub/AR400CoinCollector3D/CoinCollector1.1
C:/Users/tiago_qr6vbzw/OneDrive/Documentos/GitHub/AR400CoinCollector3D/CoinCollector1.1
[UnityMemory] Configuration Parameters - Can be set up in boot.config
    "memorysetup-bucket-allocator-granularity=16"
    "memorysetup-bucket-allocator-bucket-count=8"
    "memorysetup-bucket-allocator-block-size=33554432"
    "memorysetup-bucket-allocator-block-count=8"
    "memorysetup-main-allocator-block-size=16777216"
    "memorysetup-thread-allocator-block-size=16777216"
    "memorysetup-gfx-main-allocator-block-size=16777216"
    "memorysetup-gfx-thread-allocator-block-size=16777216"
    "memorysetup-cache-allocator-block-size=4194304"
    "memorysetup-typetree-allocator-block-size=2097152"
    "memorysetup-profiler-bucket-allocator-granularity=16"
    "memorysetup-profiler-bucket-allocator-bucket-count=8"
    "memorysetup-profiler-bucket-allocator-block-size=33554432"
    "memorysetup-profiler-bucket-allocator-block-count=8"
    "memorysetup-profiler-allocator-block-size=16777216"
    "memorysetup-profiler-editor-allocator-block-size=1048576"
    "memorysetup-temp-allocator-size-main=16777216"
    "memorysetup-job-temp-allocator-block-size=2097152"
    "memorysetup-job-temp-allocator-block-size-background=1048576"
    "memorysetup-job-temp-allocator-reduction-small-platforms=262144"
    "memorysetup-allocator-temp-initial-block-size-main=262144"
    "memorysetup-allocator-temp-initial-block-size-worker=262144"
    "memorysetup-temp-allocator-size-background-worker=32768"
    "memorysetup-temp-allocator-size-job-worker=262144"
    "memorysetup-temp-allocator-size-preload-manager=33554432"
    "memorysetup-temp-allocator-size-nav-mesh-worker=65536"
    "memorysetup-temp-allocator-size-audio-worker=65536"
    "memorysetup-temp-allocator-size-cloud-worker=32768"
    "memorysetup-temp-allocator-size-gi-baking-worker=262144"
    "memorysetup-temp-allocator-size-gfx=262144"
Player connection [43696]  Target information:

Player connection [43696]  * "[IP] 192.168.0.180 [Port] 0 [Flags] 2 [Guid] 1504327780 [EditorId] 1504327780 [Version] 1048832 [Id] WindowsEditor(7,Acer_TiagoS) [Debug] 1 [PackageName] WindowsEditor [ProjectName] Editor" 

Player connection [43696] Host joined multi-casting on [225.0.0.222:54997]...
Player connection [43696] Host joined alternative multi-casting on [225.0.0.222:34997]...
Input System module state changed to: Initialized.
[PhysX] Initialized MultithreadedTaskDispatcher with 24 workers.
Refreshing native plugins compatible for Editor in 7.12 ms, found 3 plugins.
Preloading 0 native plugins for Editor in 0.00 ms.
Initialize engine version: 2022.3.62f1 (4af31df58517)
[Subsystems] Discovering subsystems at path C:/Program Files/Unity/Hub/Editor/2022.3.62f1/Editor/Data/Resources/UnitySubsystems
[Subsystems] Discovering subsystems at path C:/Users/tiago_qr6vbzw/OneDrive/Documentos/GitHub/AR400CoinCollector3D/CoinCollector1.1/Assets
GfxDevice: creating device client; threaded=0; jobified=0
Direct3D:
    Version:  Direct3D 11.0 [level 11.1]
    Renderer: NVIDIA GeForce RTX 4060 Laptop GPU (ID=0x28e0)
    Vendor:   NVIDIA
    VRAM:     7957 MB
    Driver:   32.0.15.7270
Initialize mono
Mono path[0] = 'C:/Program Files/Unity/Hub/Editor/2022.3.62f1/Editor/Data/Managed'
Mono path[1] = 'C:/Program Files/Unity/Hub/Editor/2022.3.62f1/Editor/Data/MonoBleedingEdge/lib/mono/unityjit-win32'
Mono config path = 'C:/Program Files/Unity/Hub/Editor/2022.3.62f1/Editor/Data/MonoBleedingEdge/etc'
Using monoOptions --debugger-agent=transport=dt_socket,embedding=1,server=y,suspend=n,address=127.0.0.1:56248
Begin MonoManager ReloadAssembly
Registering precompiled unity dll's ...
Register platform support module: C:/Program Files/Unity/Hub/Editor/2022.3.62f1/Editor/Data/PlaybackEngines/WindowsStandaloneSupport/UnityEditor.WindowsStandalone.Extensions.dll
Registered in 0.004839 seconds.
- Loaded All Assemblies, in  0.407 seconds
Native extension for WindowsStandalone target not found
Mono: successfully reloaded assembly
- Finished resetting the current domain, in  0.211 seconds
Domain Reload Profiling: 616ms
	BeginReloadAssembly (167ms)
		ExecutionOrderSort (0ms)
		DisableScriptedObjects (0ms)
		BackupInstance (0ms)
		ReleaseScriptingObjects (0ms)
		CreateAndSetChildDomain (1ms)
	RebuildCommonClasses (33ms)
	RebuildNativeTypeToScriptingClass (9ms)
	initialDomainReloadingComplete (63ms)
	LoadAllAssembliesAndSetupDomain (134ms)
		LoadAssemblies (166ms)
		RebuildTransferFunctionScriptingTraits (0ms)
		AnalyzeDomain (132ms)
			TypeCache.Refresh (131ms)
				TypeCache.ScanAssembly (118ms)
			ScanForSourceGeneratedMonoScriptInfo (0ms)
			ResolveRequiredComponents (0ms)
	FinalizeReload (211ms)
		ReleaseScriptCaches (0ms)
		RebuildScriptCaches (0ms)
		SetupLoadedEditorAssemblies (171ms)
			LogAssemblyErrors (0ms)
			InitializePlatformSupportModulesInManaged (8ms)
			SetLoadedEditorAssemblies (8ms)
			RefreshPlugins (0ms)
			BeforeProcessingInitializeOnLoad (2ms)
			ProcessInitializeOnLoadAttributes (117ms)
			ProcessInitializeOnLoadMethodAttributes (36ms)
			AfterProcessingInitializeOnLoad (0ms)
			EditorAssembliesLoaded (0ms)
		ExecutionOrderSort2 (0ms)
		AwakeInstancesAfterBackupRestoration (0ms)
========================================================================
Worker process is ready to serve import requests
Caller must complete domain reload
Begin MonoManager ReloadAssembly
- Loaded All Assemblies, in  0.834 seconds
Native extension for WindowsStandalone target not found
Mono: successfully reloaded assembly
- Finished resetting the current domain, in  0.714 seconds
Domain Reload Profiling: 1546ms
	BeginReloadAssembly (157ms)
		ExecutionOrderSort (0ms)
		DisableScriptedObjects (4ms)
		BackupInstance (0ms)
		ReleaseScriptingObjects (0ms)
		CreateAndSetChildDomain (19ms)
	RebuildCommonClasses (25ms)
	RebuildNativeTypeToScriptingClass (7ms)
	initialDomainReloadingComplete (31ms)
	LoadAllAssembliesAndSetupDomain (611ms)
		LoadAssemblies (566ms)
		RebuildTransferFunctionScriptingTraits (0ms)
		AnalyzeDomain (154ms)
			TypeCache.Refresh (133ms)
				TypeCache.ScanAssembly (120ms)
			ScanForSourceGeneratedMonoScriptInfo (12ms)
			ResolveRequiredComponents (6ms)
	FinalizeReload (714ms)
		ReleaseScriptCaches (0ms)
		RebuildScriptCaches (0ms)
		SetupLoadedEditorAssemblies (564ms)
			LogAssemblyErrors (0ms)
			InitializePlatformSupportModulesInManaged (5ms)
			SetLoadedEditorAssemblies (3ms)
			RefreshPlugins (0ms)
			BeforeProcessingInitializeOnLoad (51ms)
			ProcessInitializeOnLoadAttributes (477ms)
			ProcessInitializeOnLoadMethodAttributes (22ms)
			AfterProcessingInitializeOnLoad (5ms)
			EditorAssembliesLoaded (0ms)
		ExecutionOrderSort2 (0ms)
		AwakeInstancesAfterBackupRestoration (10ms)
Launched and connected shader compiler UnityShaderCompiler.exe after 0.26 seconds
Refreshing native plugins compatible for Editor in 4.38 ms, found 3 plugins.
Preloading 0 native plugins for Editor in 0.00 ms.
Unloading 3234 Unused Serialized files (Serialized files now loaded: 0)
Unloading 19 unused Assets / (55.1 KB). Loaded Objects now: 3720.
Memory consumption went from 132.6 MB to 132.5 MB.
Total: 28.243800 ms (FindLiveObjects: 0.256200 ms CreateObjectMapping: 0.170400 ms MarkObjects: 27.656000 ms  DeleteObjects: 0.159300 ms)

AssetImportParameters requested are different than current active one (requested -> active):
  custom:container-demuxer-ogg: 62fdf1f143b41e24485cea50d1cbac27 -> 
  custom:video-decoder-ogg-theora: a1e56fd34408186e4bbccfd4996cb3dc -> 
  custom:framework-win-MediaFoundation: 216162199b28c13a410421893ffa2e32 -> 
  custom:CustomObjectIndexerAttribute: 9a22284fe3817be447336de3de66b15e -> 
  custom:container-demuxer-webm: 4f35f7cbe854078d1ac9338744f61a02 -> 
  custom:container-muxer-webm: aa71ff27fc2769a1b78a27578f13a17b -> 
  custom:video-decoder-webm-vp8: 9c59270c3fd7afecdb556c50c9e8de78 -> 
  custom:SearchIndexIgnoredProperties: e643bd26f0fe6173181afceb89e7c659 -> 
  custom:AudioImporter_EditorPlatform: d09bf68614088b80899f8185d706f6e7 -> 
  custom:video-encoder-webm-vp8: eb34c28f22e8b96e1ab97ce403110664 -> 
  custom:audio-decoder-ogg-vorbis: bf7c407c2cedff20999df2af8eb42d56 -> 
  custom:audio-encoder-webm-vorbis: bf7c407c2cedff20999df2af8eb42d56 -> 
========================================================================
Received Import Request.
  Time since last request: 1062280.694412 seconds.
  path: Assets/Maritime_Heritage/Prefabs/SM_Celadon_PorcelainA 2.prefab
  artifactKey: Guid(bacfc512523af7245ab07e1fd2408871) Importer(815301076,1909f56bfc062723c751e8b465ee728b)
Start importing Assets/Maritime_Heritage/Prefabs/SM_Celadon_PorcelainA 2.prefab using Guid(bacfc512523af7245ab07e1fd2408871) Importer(815301076,1909f56bfc062723c751e8b465ee728b) [PhysX] Initialized MultithreadedTaskDispatcher with 24 workers.
[PhysX] Initialized MultithreadedTaskDispatcher with 24 workers.
 -> (artifact id: '59a7364116ffdb877bb6a60a7d955622') in 0.230829 seconds
Number of updated asset objects reloaded before import = 0
Number of asset objects unloaded after import = 14
========================================================================
Received Import Request.
  Time since last request: 0.000039 seconds.
  path: Assets/Maritime_Heritage/Prefabs/SM_LionIncenseBurner_bottom 3.prefab
  artifactKey: Guid(60dab2b3b6530764eb44ab5d9c42ace3) Importer(815301076,1909f56bfc062723c751e8b465ee728b)
Start importing Assets/Maritime_Heritage/Prefabs/SM_LionIncenseBurner_bottom 3.prefab using Guid(60dab2b3b6530764eb44ab5d9c42ace3) Importer(815301076,1909f56bfc062723c751e8b465ee728b) [PhysX] Initialized MultithreadedTaskDispatcher with 24 workers.
[PhysX] Initialized MultithreadedTaskDispatcher with 24 workers.
 -> (artifact id: '423ee5795af5067ae69561250cbfc0b9') in 0.024690 seconds
Number of updated asset objects reloaded before import = 0
Number of asset objects unloaded after import = 14
========================================================================
Received Import Request.
  Time since last request: 0.000030 seconds.
  path: Assets/Maritime_Heritage/Prefabs/SM_LionIncenseBurner_bottom 2.prefab
  artifactKey: Guid(0d1c5e4b06612304295d791105db3994) Importer(815301076,1909f56bfc062723c751e8b465ee728b)
Start importing Assets/Maritime_Heritage/Prefabs/SM_LionIncenseBurner_bottom 2.prefab using Guid(0d1c5e4b06612304295d791105db3994) Importer(815301076,1909f56bfc062723c751e8b465ee728b) [PhysX] Initialized MultithreadedTaskDispatcher with 24 workers.
[PhysX] Initialized MultithreadedTaskDispatcher with 24 workers.
 -> (artifact id: 'ebf4aff1682ef5f26c33ef0d1fbc18f9') in 0.012050 seconds
Number of updated asset objects reloaded before import = 0
Number of asset objects unloaded after import = 14
========================================================================
Received Import Request.
  Time since last request: 0.000031 seconds.
  path: Assets/Maritime_Heritage/Prefabs/SM_Celadon_PorcelainB 2.prefab
  artifactKey: Guid(87692c603cff17e48a67717901fd4441) Importer(815301076,1909f56bfc062723c751e8b465ee728b)
Start importing Assets/Maritime_Heritage/Prefabs/SM_Celadon_PorcelainB 2.prefab using Guid(87692c603cff17e48a67717901fd4441) Importer(815301076,1909f56bfc062723c751e8b465ee728b) [PhysX] Initialized MultithreadedTaskDispatcher with 24 workers.
[PhysX] Initialized MultithreadedTaskDispatcher with 24 workers.
 -> (artifact id: '6067af0a61bd545914a096a0a5734014') in 0.127278 seconds
Number of updated asset objects reloaded before import = 0
Number of asset objects unloaded after import = 14
========================================================================
Received Import Request.
  Time since last request: 30.016921 seconds.
  path: Assets/Maritime_Heritage/Prefabs/SM_Celadon_Kettle_kettle 17.prefab
  artifactKey: Guid(3612077c59c52e94ca32c46ee8a053e0) Importer(815301076,1909f56bfc062723c751e8b465ee728b)
Start importing Assets/Maritime_Heritage/Prefabs/SM_Celadon_Kettle_kettle 17.prefab using Guid(3612077c59c52e94ca32c46ee8a053e0) Importer(815301076,1909f56bfc062723c751e8b465ee728b) [PhysX] Initialized MultithreadedTaskDispatcher with 24 workers.
[PhysX] Initialized MultithreadedTaskDispatcher with 24 workers.
 -> (artifact id: 'b9c1a77df816a7eb495a235c5b5f5c5a') in 0.053078 seconds
Number of updated asset objects reloaded before import = 0
Number of asset objects unloaded after import = 14
========================================================================
Received Import Request.
  Time since last request: 29.934911 seconds.
  path: Assets/Maritime_Heritage/Prefabs/SM_Celadon_PorcelainB 6.prefab
  artifactKey: Guid(0826fbfa4554f1a48b79f8bdf29e2a6a) Importer(815301076,1909f56bfc062723c751e8b465ee728b)
Start importing Assets/Maritime_Heritage/Prefabs/SM_Celadon_PorcelainB 6.prefab using Guid(0826fbfa4554f1a48b79f8bdf29e2a6a) Importer(815301076,1909f56bfc062723c751e8b465ee728b) [PhysX] Initialized MultithreadedTaskDispatcher with 24 workers.
[PhysX] Initialized MultithreadedTaskDispatcher with 24 workers.
 -> (artifact id: 'd3550ceb2587e00460bc979617a19710') in 0.196823 seconds
Number of updated asset objects reloaded before import = 0
Number of asset objects unloaded after import = 14
========================================================================
Received Import Request.
  Time since last request: 3.650568 seconds.
  path: Assets/Maritime_Heritage/Prefabs/Prefabs/SM_Celadon_PorcelainB 2.prefab
  artifactKey: Guid(8c9521d81a7c3c5479d761d01b30e8b1) Importer(815301076,1909f56bfc062723c751e8b465ee728b)
Start importing Assets/Maritime_Heritage/Prefabs/Prefabs/SM_Celadon_PorcelainB 2.prefab using Guid(8c9521d81a7c3c5479d761d01b30e8b1) Importer(815301076,1909f56bfc062723c751e8b465ee728b) [PhysX] Initialized MultithreadedTaskDispatcher with 24 workers.
[PhysX] Initialized MultithreadedTaskDispatcher with 24 workers.
 -> (artifact id: '3440c087ffc6643605fbd115862bf884') in 0.154760 seconds
Number of updated asset objects reloaded before import = 0
Number of asset objects unloaded after import = 14
========================================================================
Received Import Request.
  Time since last request: 0.000045 seconds.
  path: Assets/Maritime_Heritage/Prefabs/Prefabs/SM_Mado_BacketB.prefab
  artifactKey: Guid(112a282934aceaf489090f92e7de2299) Importer(815301076,1909f56bfc062723c751e8b465ee728b)
Start importing Assets/Maritime_Heritage/Prefabs/Prefabs/SM_Mado_BacketB.prefab using Guid(112a282934aceaf489090f92e7de2299) Importer(815301076,1909f56bfc062723c751e8b465ee728b) [PhysX] Initialized MultithreadedTaskDispatcher with 24 workers.
[PhysX] Initialized MultithreadedTaskDispatcher with 24 workers.
 -> (artifact id: '1b1aee4d61168326d9f3225cf88a5c83') in 0.059078 seconds
Number of updated asset objects reloaded before import = 0
Number of asset objects unloaded after import = 14
========================================================================
Received Import Request.
  Time since last request: 0.000028 seconds.
  path: Assets/Maritime_Heritage/Prefabs/Prefabs/SM_LionIncenseBurner_top 1.prefab
  artifactKey: Guid(5b72d6c0b5a88c243ae06d2cbe72c54f) Importer(815301076,1909f56bfc062723c751e8b465ee728b)
Start importing Assets/Maritime_Heritage/Prefabs/Prefabs/SM_LionIncenseBurner_top 1.prefab using Guid(5b72d6c0b5a88c243ae06d2cbe72c54f) Importer(815301076,1909f56bfc062723c751e8b465ee728b) [PhysX] Initialized MultithreadedTaskDispatcher with 24 workers.
[PhysX] Initialized MultithreadedTaskDispatcher with 24 workers.
 -> (artifact id: '0db8e8ae79a005a4e9d769ef02c2a120') in 0.041861 seconds
Number of updated asset objects reloaded before import = 0
Number of asset objects unloaded after import = 13
========================================================================
Received Import Request.
  Time since last request: 0.000023 seconds.
  path: Assets/Maritime_Heritage/Prefabs/Prefabs/SM_Mado_Jal.prefab
  artifactKey: Guid(0b2f151b20b92094faa2734d26044417) Importer(815301076,1909f56bfc062723c751e8b465ee728b)
Start importing Assets/Maritime_Heritage/Prefabs/Prefabs/SM_Mado_Jal.prefab using Guid(0b2f151b20b92094faa2734d26044417) Importer(815301076,1909f56bfc062723c751e8b465ee728b) [PhysX] Initialized MultithreadedTaskDispatcher with 24 workers.
[PhysX] Initialized MultithreadedTaskDispatcher with 24 workers.
 -> (artifact id: 'd1856b2fe35cbc9a908d5932139bf8ff') in 0.066690 seconds
Number of updated asset objects reloaded before import = 0
Number of asset objects unloaded after import = 15
========================================================================
Received Import Request.
  Time since last request: 0.000032 seconds.
  path: Assets/Maritime_Heritage/Prefabs/Prefabs/SM_Mado_BacketB 2.prefab
  artifactKey: Guid(4642e3db643c12948ad9a4ba472f7d44) Importer(815301076,1909f56bfc062723c751e8b465ee728b)
Start importing Assets/Maritime_Heritage/Prefabs/Prefabs/SM_Mado_BacketB 2.prefab using Guid(4642e3db643c12948ad9a4ba472f7d44) Importer(815301076,1909f56bfc062723c751e8b465ee728b) [PhysX] Initialized MultithreadedTaskDispatcher with 24 workers.
[PhysX] Initialized MultithreadedTaskDispatcher with 24 workers.
 -> (artifact id: 'af11adff69ade423a668a37c449d1f3c') in 0.021538 seconds
Number of updated asset objects reloaded before import = 0
Number of asset objects unloaded after import = 14
========================================================================
Received Import Request.
  Time since last request: 0.000032 seconds.
  path: Assets/Maritime_Heritage/Prefabs/Prefabs/SM_Mado_BacketA 1.prefab
  artifactKey: Guid(8bc30fd0b1733b74d8f2eb8ca451941f) Importer(815301076,1909f56bfc062723c751e8b465ee728b)
Start importing Assets/Maritime_Heritage/Prefabs/Prefabs/SM_Mado_BacketA 1.prefab using Guid(8bc30fd0b1733b74d8f2eb8ca451941f) Importer(815301076,1909f56bfc062723c751e8b465ee728b) [PhysX] Initialized MultithreadedTaskDispatcher with 24 workers.
[PhysX] Initialized MultithreadedTaskDispatcher with 24 workers.
 -> (artifact id: '870e17b2dda6db7282d696b28cf70dfa') in 0.051505 seconds
Number of updated asset objects reloaded before import = 0
Number of asset objects unloaded after import = 15
========================================================================
Received Import Request.
  Time since last request: 0.000029 seconds.
  path: Assets/Maritime_Heritage/Prefabs/Prefabs/SM_Celadon_PorcelainB 3.prefab
  artifactKey: Guid(19e58781bcc2d8c4aa768f02ead47ff3) Importer(815301076,1909f56bfc062723c751e8b465ee728b)
Start importing Assets/Maritime_Heritage/Prefabs/Prefabs/SM_Celadon_PorcelainB 3.prefab using Guid(19e58781bcc2d8c4aa768f02ead47ff3) Importer(815301076,1909f56bfc062723c751e8b465ee728b) [PhysX] Initialized MultithreadedTaskDispatcher with 24 workers.
[PhysX] Initialized MultithreadedTaskDispatcher with 24 workers.
 -> (artifact id: '7f7027417c8e360acb127d0e8b7774e3') in 0.060069 seconds
Number of updated asset objects reloaded before import = 0
Number of asset objects unloaded after import = 14
Editor requested this worker to shutdown with reason: Scaling down because of idle timeout
TcpMessagingSession - receive error: operation aborted. errorcode: 995, details: The I/O operation has been aborted because of either a thread exit or an application request.
AssetImportWorker is now disconnected from the server
Process exiting
Exiting without the bug reporter. Application will terminate with return code 0