Using pre-set license
Built from '2022.3/staging' branch; Version is '2022.3.62f1 (4af31df58517) revision 4911901'; Using compiler version '192829333'; Build Type 'Release'
OS: 'Windows 11  (10.0.26100) 64bit Core' Language: 'en' Physical Memory: 16119 MB
BatchMode: 1, IsHumanControllingUs: 0, StartBugReporterOnCrash: 0, Is64bit: 1, IsPro: 1

COMMAND LINE ARGUMENTS:
C:\Program Files\Unity\Hub\Editor\2022.3.62f1\Editor\Unity.exe
-adb2
-batchMode
-noUpm
-name
AssetImportWorker4
-projectPath
C:/Users/tiago_qr6vbzw/OneDrive/Documentos/GitHub/AR400CoinCollector3D/CoinCollector1.1
-logFile
Logs/AssetImportWorker4.log
-srvPort
64684
Successfully changed project path to: C:/Users/tiago_qr6vbzw/OneDrive/Documentos/GitHub/AR400CoinCollector3D/CoinCollector1.1
C:/Users/tiago_qr6vbzw/OneDrive/Documentos/GitHub/AR400CoinCollector3D/CoinCollector1.1
[UnityMemory] Configuration Parameters - Can be set up in boot.config
    "memorysetup-bucket-allocator-granularity=16"
    "memorysetup-bucket-allocator-bucket-count=8"
    "memorysetup-bucket-allocator-block-size=33554432"
    "memorysetup-bucket-allocator-block-count=8"
    "memorysetup-main-allocator-block-size=16777216"
    "memorysetup-thread-allocator-block-size=16777216"
    "memorysetup-gfx-main-allocator-block-size=16777216"
    "memorysetup-gfx-thread-allocator-block-size=16777216"
    "memorysetup-cache-allocator-block-size=4194304"
    "memorysetup-typetree-allocator-block-size=2097152"
    "memorysetup-profiler-bucket-allocator-granularity=16"
    "memorysetup-profiler-bucket-allocator-bucket-count=8"
    "memorysetup-profiler-bucket-allocator-block-size=33554432"
    "memorysetup-profiler-bucket-allocator-block-count=8"
    "memorysetup-profiler-allocator-block-size=16777216"
    "memorysetup-profiler-editor-allocator-block-size=1048576"
    "memorysetup-temp-allocator-size-main=16777216"
    "memorysetup-job-temp-allocator-block-size=2097152"
    "memorysetup-job-temp-allocator-block-size-background=1048576"
    "memorysetup-job-temp-allocator-reduction-small-platforms=262144"
    "memorysetup-allocator-temp-initial-block-size-main=262144"
    "memorysetup-allocator-temp-initial-block-size-worker=262144"
    "memorysetup-temp-allocator-size-background-worker=32768"
    "memorysetup-temp-allocator-size-job-worker=262144"
    "memorysetup-temp-allocator-size-preload-manager=33554432"
    "memorysetup-temp-allocator-size-nav-mesh-worker=65536"
    "memorysetup-temp-allocator-size-audio-worker=65536"
    "memorysetup-temp-allocator-size-cloud-worker=32768"
    "memorysetup-temp-allocator-size-gi-baking-worker=262144"
    "memorysetup-temp-allocator-size-gfx=262144"
Player connection [43836]  Target information:

Player connection [43836]  * "[IP] 192.168.0.180 [Port] 0 [Flags] 2 [Guid] 3397646930 [EditorId] 3397646930 [Version] 1048832 [Id] WindowsEditor(7,Acer_TiagoS) [Debug] 1 [PackageName] WindowsEditor [ProjectName] Editor" 

Player connection [43836] Host joined multi-casting on [225.0.0.222:54997]...
Player connection [43836] Host joined alternative multi-casting on [225.0.0.222:34997]...
Input System module state changed to: Initialized.
[PhysX] Initialized MultithreadedTaskDispatcher with 24 workers.
Refreshing native plugins compatible for Editor in 7.26 ms, found 3 plugins.
Preloading 0 native plugins for Editor in 0.00 ms.
Initialize engine version: 2022.3.62f1 (4af31df58517)
[Subsystems] Discovering subsystems at path C:/Program Files/Unity/Hub/Editor/2022.3.62f1/Editor/Data/Resources/UnitySubsystems
[Subsystems] Discovering subsystems at path C:/Users/tiago_qr6vbzw/OneDrive/Documentos/GitHub/AR400CoinCollector3D/CoinCollector1.1/Assets
GfxDevice: creating device client; threaded=0; jobified=0
Direct3D:
    Version:  Direct3D 11.0 [level 11.1]
    Renderer: NVIDIA GeForce RTX 4060 Laptop GPU (ID=0x28e0)
    Vendor:   NVIDIA
    VRAM:     7957 MB
    Driver:   32.0.15.7270
Initialize mono
Mono path[0] = 'C:/Program Files/Unity/Hub/Editor/2022.3.62f1/Editor/Data/Managed'
Mono path[1] = 'C:/Program Files/Unity/Hub/Editor/2022.3.62f1/Editor/Data/MonoBleedingEdge/lib/mono/unityjit-win32'
Mono config path = 'C:/Program Files/Unity/Hub/Editor/2022.3.62f1/Editor/Data/MonoBleedingEdge/etc'
Using monoOptions --debugger-agent=transport=dt_socket,embedding=1,server=y,suspend=n,address=127.0.0.1:56468
Begin MonoManager ReloadAssembly
Registering precompiled unity dll's ...
Register platform support module: C:/Program Files/Unity/Hub/Editor/2022.3.62f1/Editor/Data/PlaybackEngines/WindowsStandaloneSupport/UnityEditor.WindowsStandalone.Extensions.dll
Registered in 0.005810 seconds.
- Loaded All Assemblies, in  0.388 seconds
Native extension for WindowsStandalone target not found
Mono: successfully reloaded assembly
- Finished resetting the current domain, in  0.214 seconds
Domain Reload Profiling: 600ms
	BeginReloadAssembly (164ms)
		ExecutionOrderSort (0ms)
		DisableScriptedObjects (0ms)
		BackupInstance (0ms)
		ReleaseScriptingObjects (0ms)
		CreateAndSetChildDomain (0ms)
	RebuildCommonClasses (29ms)
	RebuildNativeTypeToScriptingClass (9ms)
	initialDomainReloadingComplete (55ms)
	LoadAllAssembliesAndSetupDomain (129ms)
		LoadAssemblies (163ms)
		RebuildTransferFunctionScriptingTraits (0ms)
		AnalyzeDomain (127ms)
			TypeCache.Refresh (125ms)
				TypeCache.ScanAssembly (112ms)
			ScanForSourceGeneratedMonoScriptInfo (0ms)
			ResolveRequiredComponents (1ms)
	FinalizeReload (214ms)
		ReleaseScriptCaches (0ms)
		RebuildScriptCaches (0ms)
		SetupLoadedEditorAssemblies (173ms)
			LogAssemblyErrors (0ms)
			InitializePlatformSupportModulesInManaged (9ms)
			SetLoadedEditorAssemblies (8ms)
			RefreshPlugins (0ms)
			BeforeProcessingInitializeOnLoad (2ms)
			ProcessInitializeOnLoadAttributes (117ms)
			ProcessInitializeOnLoadMethodAttributes (38ms)
			AfterProcessingInitializeOnLoad (0ms)
			EditorAssembliesLoaded (0ms)
		ExecutionOrderSort2 (0ms)
		AwakeInstancesAfterBackupRestoration (0ms)
========================================================================
Worker process is ready to serve import requests
Caller must complete domain reload
Begin MonoManager ReloadAssembly
- Loaded All Assemblies, in  0.821 seconds
Native extension for WindowsStandalone target not found
Mono: successfully reloaded assembly
- Finished resetting the current domain, in  0.729 seconds
Domain Reload Profiling: 1549ms
	BeginReloadAssembly (157ms)
		ExecutionOrderSort (0ms)
		DisableScriptedObjects (4ms)
		BackupInstance (0ms)
		ReleaseScriptingObjects (0ms)
		CreateAndSetChildDomain (16ms)
	RebuildCommonClasses (24ms)
	RebuildNativeTypeToScriptingClass (7ms)
	initialDomainReloadingComplete (31ms)
	LoadAllAssembliesAndSetupDomain (601ms)
		LoadAssemblies (559ms)
		RebuildTransferFunctionScriptingTraits (0ms)
		AnalyzeDomain (152ms)
			TypeCache.Refresh (131ms)
				TypeCache.ScanAssembly (119ms)
			ScanForSourceGeneratedMonoScriptInfo (15ms)
			ResolveRequiredComponents (4ms)
	FinalizeReload (729ms)
		ReleaseScriptCaches (0ms)
		RebuildScriptCaches (0ms)
		SetupLoadedEditorAssemblies (577ms)
			LogAssemblyErrors (0ms)
			InitializePlatformSupportModulesInManaged (7ms)
			SetLoadedEditorAssemblies (3ms)
			RefreshPlugins (0ms)
			BeforeProcessingInitializeOnLoad (49ms)
			ProcessInitializeOnLoadAttributes (492ms)
			ProcessInitializeOnLoadMethodAttributes (21ms)
			AfterProcessingInitializeOnLoad (6ms)
			EditorAssembliesLoaded (0ms)
		ExecutionOrderSort2 (0ms)
		AwakeInstancesAfterBackupRestoration (11ms)
Launched and connected shader compiler UnityShaderCompiler.exe after 0.20 seconds
Refreshing native plugins compatible for Editor in 6.20 ms, found 3 plugins.
Preloading 0 native plugins for Editor in 0.00 ms.
Unloading 3234 Unused Serialized files (Serialized files now loaded: 0)
Unloading 19 unused Assets / (55.1 KB). Loaded Objects now: 3720.
Memory consumption went from 132.6 MB to 132.6 MB.
Total: 5.608600 ms (FindLiveObjects: 0.251600 ms CreateObjectMapping: 0.157700 ms MarkObjects: 5.052600 ms  DeleteObjects: 0.144900 ms)

AssetImportParameters requested are different than current active one (requested -> active):
  custom:container-demuxer-ogg: 62fdf1f143b41e24485cea50d1cbac27 -> 
  custom:video-decoder-ogg-theora: a1e56fd34408186e4bbccfd4996cb3dc -> 
  custom:framework-win-MediaFoundation: 216162199b28c13a410421893ffa2e32 -> 
  custom:CustomObjectIndexerAttribute: 9a22284fe3817be447336de3de66b15e -> 
  custom:container-demuxer-webm: 4f35f7cbe854078d1ac9338744f61a02 -> 
  custom:container-muxer-webm: aa71ff27fc2769a1b78a27578f13a17b -> 
  custom:video-decoder-webm-vp8: 9c59270c3fd7afecdb556c50c9e8de78 -> 
  custom:SearchIndexIgnoredProperties: e643bd26f0fe6173181afceb89e7c659 -> 
  custom:AudioImporter_EditorPlatform: d09bf68614088b80899f8185d706f6e7 -> 
  custom:video-encoder-webm-vp8: eb34c28f22e8b96e1ab97ce403110664 -> 
  custom:audio-decoder-ogg-vorbis: bf7c407c2cedff20999df2af8eb42d56 -> 
  custom:audio-encoder-webm-vorbis: bf7c407c2cedff20999df2af8eb42d56 -> 
========================================================================
Received Import Request.
  Time since last request: 1062240.665948 seconds.
  path: Assets/Maritime_Heritage/Prefabs/SM_Celadon_Kettle_cap 2.prefab
  artifactKey: Guid(6c90833f90b88f7409d59a7f9fbc3a03) Importer(815301076,1909f56bfc062723c751e8b465ee728b)
Start importing Assets/Maritime_Heritage/Prefabs/SM_Celadon_Kettle_cap 2.prefab using Guid(6c90833f90b88f7409d59a7f9fbc3a03) Importer(815301076,1909f56bfc062723c751e8b465ee728b) [PhysX] Initialized MultithreadedTaskDispatcher with 24 workers.
[PhysX] Initialized MultithreadedTaskDispatcher with 24 workers.
 -> (artifact id: '77924e2a137aea20f0fb3b5a6adb600e') in 0.126748 seconds
Number of updated asset objects reloaded before import = 0
Number of asset objects unloaded after import = 14
========================================================================
Received Import Request.
  Time since last request: 39.896944 seconds.
  path: Assets/Maritime_Heritage/Prefabs/SM_Celadon_Kettle_kettle 4.prefab
  artifactKey: Guid(59ecbf84a5d093041a145b4f3de6a598) Importer(815301076,1909f56bfc062723c751e8b465ee728b)
Start importing Assets/Maritime_Heritage/Prefabs/SM_Celadon_Kettle_kettle 4.prefab using Guid(59ecbf84a5d093041a145b4f3de6a598) Importer(815301076,1909f56bfc062723c751e8b465ee728b) [PhysX] Initialized MultithreadedTaskDispatcher with 24 workers.
[PhysX] Initialized MultithreadedTaskDispatcher with 24 workers.
 -> (artifact id: '8973538bf5016fe3688d54c190d1c0a6') in 0.155060 seconds
Number of updated asset objects reloaded before import = 0
Number of asset objects unloaded after import = 14
========================================================================
Received Import Request.
  Time since last request: 0.000037 seconds.
  path: Assets/Maritime_Heritage/Prefabs/SM_Mado_Bowlbundle 2.prefab
  artifactKey: Guid(0c12b5d6826ea684591b0b26fc775b57) Importer(815301076,1909f56bfc062723c751e8b465ee728b)
Start importing Assets/Maritime_Heritage/Prefabs/SM_Mado_Bowlbundle 2.prefab using Guid(0c12b5d6826ea684591b0b26fc775b57) Importer(815301076,1909f56bfc062723c751e8b465ee728b) [PhysX] Initialized MultithreadedTaskDispatcher with 24 workers.
[PhysX] Initialized MultithreadedTaskDispatcher with 24 workers.
 -> (artifact id: 'c0ac15d390a385e3bf9fe921df483352') in 0.094654 seconds
Number of updated asset objects reloaded before import = 0
Number of asset objects unloaded after import = 14
========================================================================
Received Import Request.
  Time since last request: 0.000049 seconds.
  path: Assets/Maritime_Heritage/Prefabs/SM_Mado_Burner 3.prefab
  artifactKey: Guid(e122a6ed043796c4588d75fb6b98dcf7) Importer(815301076,1909f56bfc062723c751e8b465ee728b)
Start importing Assets/Maritime_Heritage/Prefabs/SM_Mado_Burner 3.prefab using Guid(e122a6ed043796c4588d75fb6b98dcf7) Importer(815301076,1909f56bfc062723c751e8b465ee728b) [PhysX] Initialized MultithreadedTaskDispatcher with 24 workers.
[PhysX] Initialized MultithreadedTaskDispatcher with 24 workers.
 -> (artifact id: '32aa1d3145d0b2344dc73359075f797d') in 0.086749 seconds
Number of updated asset objects reloaded before import = 0
Number of asset objects unloaded after import = 14
========================================================================
Received Import Request.
  Time since last request: 27.301391 seconds.
  path: Assets/Maritime_Heritage/Prefabs/SM_Celadon_Kettle_kettle 8.prefab
  artifactKey: Guid(9046f7dd4fa2e5c4185a15b4c579da85) Importer(815301076,1909f56bfc062723c751e8b465ee728b)
Start importing Assets/Maritime_Heritage/Prefabs/SM_Celadon_Kettle_kettle 8.prefab using Guid(9046f7dd4fa2e5c4185a15b4c579da85) Importer(815301076,1909f56bfc062723c751e8b465ee728b) [PhysX] Initialized MultithreadedTaskDispatcher with 24 workers.
[PhysX] Initialized MultithreadedTaskDispatcher with 24 workers.
 -> (artifact id: 'f00be5751816f7a7d5ed01d91f3878be') in 0.047843 seconds
Number of updated asset objects reloaded before import = 0
Number of asset objects unloaded after import = 14
========================================================================
Received Import Request.
  Time since last request: 2.722079 seconds.
  path: Assets/Maritime_Heritage/Prefabs/SM_Celadon_Kettle_kettle 12.prefab
  artifactKey: Guid(8c07e6a1e0d45d24db8a41ce3003c39b) Importer(815301076,1909f56bfc062723c751e8b465ee728b)
Start importing Assets/Maritime_Heritage/Prefabs/SM_Celadon_Kettle_kettle 12.prefab using Guid(8c07e6a1e0d45d24db8a41ce3003c39b) Importer(815301076,1909f56bfc062723c751e8b465ee728b) [PhysX] Initialized MultithreadedTaskDispatcher with 24 workers.
[PhysX] Initialized MultithreadedTaskDispatcher with 24 workers.
 -> (artifact id: '932e09b6d4126020244a20483df1b42f') in 0.061196 seconds
Number of updated asset objects reloaded before import = 0
Number of asset objects unloaded after import = 14
========================================================================
Received Import Request.
  Time since last request: 29.926751 seconds.
  path: Assets/Maritime_Heritage/Prefabs/SM_Celadon_PorcelainA 4.prefab
  artifactKey: Guid(5d52b5fc809422840868da1f83af8ea1) Importer(815301076,1909f56bfc062723c751e8b465ee728b)
Start importing Assets/Maritime_Heritage/Prefabs/SM_Celadon_PorcelainA 4.prefab using Guid(5d52b5fc809422840868da1f83af8ea1) Importer(815301076,1909f56bfc062723c751e8b465ee728b) [PhysX] Initialized MultithreadedTaskDispatcher with 24 workers.
[PhysX] Initialized MultithreadedTaskDispatcher with 24 workers.
 -> (artifact id: '4e75e521f4260b48f321050bbc88b24c') in 0.070615 seconds
Number of updated asset objects reloaded before import = 0
Number of asset objects unloaded after import = 14
========================================================================
Received Import Request.
  Time since last request: 2.547359 seconds.
  path: Assets/Maritime_Heritage
  artifactKey: Guid(d9639523945ce55498aeeff3277b3729) Importer(815301076,1909f56bfc062723c751e8b465ee728b)
Start importing Assets/Maritime_Heritage using Guid(d9639523945ce55498aeeff3277b3729) Importer(815301076,1909f56bfc062723c751e8b465ee728b) [PhysX] Initialized MultithreadedTaskDispatcher with 24 workers.
 -> (artifact id: '46b39d1a187ba11535ffd505acc97221') in 0.001127 seconds
Number of updated asset objects reloaded before import = 0
Number of asset objects unloaded after import = 0
========================================================================
Received Import Request.
  Time since last request: 1.088102 seconds.
  path: Assets/Maritime_Heritage/Prefabs/Prefabs
  artifactKey: Guid(913da0070d2777c4db62cad9c2113361) Importer(815301076,1909f56bfc062723c751e8b465ee728b)
Start importing Assets/Maritime_Heritage/Prefabs/Prefabs using Guid(913da0070d2777c4db62cad9c2113361) Importer(815301076,1909f56bfc062723c751e8b465ee728b) [PhysX] Initialized MultithreadedTaskDispatcher with 24 workers.
 -> (artifact id: 'a84e19de589827dc6403391f85a19abb') in 0.000608 seconds
Number of updated asset objects reloaded before import = 0
Number of asset objects unloaded after import = 0
========================================================================
Received Import Request.
  Time since last request: 0.141729 seconds.
  path: Assets/Maritime_Heritage/Prefabs/Prefabs/SM_Celadon_PorcelainA 1.prefab
  artifactKey: Guid(97c6799788bde284085bbf878ba49bcc) Importer(815301076,1909f56bfc062723c751e8b465ee728b)
Start importing Assets/Maritime_Heritage/Prefabs/Prefabs/SM_Celadon_PorcelainA 1.prefab using Guid(97c6799788bde284085bbf878ba49bcc) Importer(815301076,1909f56bfc062723c751e8b465ee728b) [PhysX] Initialized MultithreadedTaskDispatcher with 24 workers.
[PhysX] Initialized MultithreadedTaskDispatcher with 24 workers.
 -> (artifact id: 'd0038aee38387d50cf9d1556daa5cd58') in 0.020445 seconds
Number of updated asset objects reloaded before import = 0
Number of asset objects unloaded after import = 14
========================================================================
Received Import Request.
  Time since last request: 0.000050 seconds.
  path: Assets/Maritime_Heritage/Prefabs/Prefabs/SM_Mado_BacketC 2.prefab
  artifactKey: Guid(13609deb1cebb3540a9ed927a34c84da) Importer(815301076,1909f56bfc062723c751e8b465ee728b)
Start importing Assets/Maritime_Heritage/Prefabs/Prefabs/SM_Mado_BacketC 2.prefab using Guid(13609deb1cebb3540a9ed927a34c84da) Importer(815301076,1909f56bfc062723c751e8b465ee728b) [PhysX] Initialized MultithreadedTaskDispatcher with 24 workers.
[PhysX] Initialized MultithreadedTaskDispatcher with 24 workers.
 -> (artifact id: '54b2546eadd9b37d5d9258c911b5035e') in 0.111327 seconds
Number of updated asset objects reloaded before import = 0
Number of asset objects unloaded after import = 18
========================================================================
Received Import Request.
  Time since last request: 0.000022 seconds.
  path: Assets/Maritime_Heritage/Prefabs/Prefabs/SM_Mado_Bowlbundle 3.prefab
  artifactKey: Guid(0fe2b4ed4d3d70947a61104570d97d79) Importer(815301076,1909f56bfc062723c751e8b465ee728b)
Start importing Assets/Maritime_Heritage/Prefabs/Prefabs/SM_Mado_Bowlbundle 3.prefab using Guid(0fe2b4ed4d3d70947a61104570d97d79) Importer(815301076,1909f56bfc062723c751e8b465ee728b) [PhysX] Initialized MultithreadedTaskDispatcher with 24 workers.
[PhysX] Initialized MultithreadedTaskDispatcher with 24 workers.
 -> (artifact id: '777c0b70a9f490a0f87ce54714850dcf') in 0.111212 seconds
Number of updated asset objects reloaded before import = 0
Number of asset objects unloaded after import = 14
========================================================================
Received Import Request.
  Time since last request: 0.000040 seconds.
  path: Assets/Maritime_Heritage/Prefabs/Prefabs/SM_LionIncenseBurner_top.prefab
  artifactKey: Guid(f0ef0379ae6061f419bbff5c5e00951c) Importer(815301076,1909f56bfc062723c751e8b465ee728b)
Start importing Assets/Maritime_Heritage/Prefabs/Prefabs/SM_LionIncenseBurner_top.prefab using Guid(f0ef0379ae6061f419bbff5c5e00951c) Importer(815301076,1909f56bfc062723c751e8b465ee728b) [PhysX] Initialized MultithreadedTaskDispatcher with 24 workers.
[PhysX] Initialized MultithreadedTaskDispatcher with 24 workers.
 -> (artifact id: '23a352ee343c8750b5ac94e0304b38b4') in 0.032399 seconds
Number of updated asset objects reloaded before import = 0
Number of asset objects unloaded after import = 13
========================================================================
Received Import Request.
  Time since last request: 0.000034 seconds.
  path: Assets/Maritime_Heritage/Prefabs/Prefabs/SM_Mado_Jal 1.prefab
  artifactKey: Guid(63e2a81dd46e48546b31cd46703d6b51) Importer(815301076,1909f56bfc062723c751e8b465ee728b)
Start importing Assets/Maritime_Heritage/Prefabs/Prefabs/SM_Mado_Jal 1.prefab using Guid(63e2a81dd46e48546b31cd46703d6b51) Importer(815301076,1909f56bfc062723c751e8b465ee728b) [PhysX] Initialized MultithreadedTaskDispatcher with 24 workers.
[PhysX] Initialized MultithreadedTaskDispatcher with 24 workers.
 -> (artifact id: '135318f59360f889d3aef29c75f22086') in 0.057445 seconds
Number of updated asset objects reloaded before import = 0
Number of asset objects unloaded after import = 15
========================================================================
Received Import Request.
  Time since last request: 0.000022 seconds.
  path: Assets/Maritime_Heritage/Prefabs/Prefabs/SM_LionIncenseBurner_bottom 3.prefab
  artifactKey: Guid(bb00d24beaabe294a8b20e1987510fec) Importer(815301076,1909f56bfc062723c751e8b465ee728b)
Start importing Assets/Maritime_Heritage/Prefabs/Prefabs/SM_LionIncenseBurner_bottom 3.prefab using Guid(bb00d24beaabe294a8b20e1987510fec) Importer(815301076,1909f56bfc062723c751e8b465ee728b) [PhysX] Initialized MultithreadedTaskDispatcher with 24 workers.
[PhysX] Initialized MultithreadedTaskDispatcher with 24 workers.
 -> (artifact id: '55fa607aea35201202ce34ca786527ec') in 0.012449 seconds
Number of updated asset objects reloaded before import = 0
Number of asset objects unloaded after import = 14
========================================================================
Received Import Request.
  Time since last request: 0.000033 seconds.
  path: Assets/Maritime_Heritage/Prefabs/Prefabs/SM_Mado_Bowlbundle 2.prefab
  artifactKey: Guid(76670692fd472bf498720b4fb81a315a) Importer(815301076,1909f56bfc062723c751e8b465ee728b)
Start importing Assets/Maritime_Heritage/Prefabs/Prefabs/SM_Mado_Bowlbundle 2.prefab using Guid(76670692fd472bf498720b4fb81a315a) Importer(815301076,1909f56bfc062723c751e8b465ee728b) [PhysX] Initialized MultithreadedTaskDispatcher with 24 workers.
[PhysX] Initialized MultithreadedTaskDispatcher with 24 workers.
 -> (artifact id: 'ec964a0d5925481ee72de517ae283e58') in 0.045213 seconds
Number of updated asset objects reloaded before import = 0
Number of asset objects unloaded after import = 14
========================================================================
Received Import Request.
  Time since last request: 0.000039 seconds.
  path: Assets/Maritime_Heritage/Prefabs/Prefabs/SM_LionIncenseBurner_top 2.prefab
  artifactKey: Guid(4e0cb6a25b8a1384bb80ad820f3c8ad2) Importer(815301076,1909f56bfc062723c751e8b465ee728b)
Start importing Assets/Maritime_Heritage/Prefabs/Prefabs/SM_LionIncenseBurner_top 2.prefab using Guid(4e0cb6a25b8a1384bb80ad820f3c8ad2) Importer(815301076,1909f56bfc062723c751e8b465ee728b) [PhysX] Initialized MultithreadedTaskDispatcher with 24 workers.
[PhysX] Initialized MultithreadedTaskDispatcher with 24 workers.
 -> (artifact id: 'e9f7187632b47df0442abffaa42f7b88') in 0.025574 seconds
Number of updated asset objects reloaded before import = 0
Number of asset objects unloaded after import = 13
========================================================================
Received Import Request.
  Time since last request: 0.000040 seconds.
  path: Assets/Maritime_Heritage/Prefabs/Prefabs/SM_Mado_Jal 3.prefab
  artifactKey: Guid(048dc25c146b131419e98266ef0a2c5e) Importer(815301076,1909f56bfc062723c751e8b465ee728b)
Start importing Assets/Maritime_Heritage/Prefabs/Prefabs/SM_Mado_Jal 3.prefab using Guid(048dc25c146b131419e98266ef0a2c5e) Importer(815301076,1909f56bfc062723c751e8b465ee728b) [PhysX] Initialized MultithreadedTaskDispatcher with 24 workers.
[PhysX] Initialized MultithreadedTaskDispatcher with 24 workers.
 -> (artifact id: '0c106e192e08178066cb8177a5f9af7c') in 0.029625 seconds
Number of updated asset objects reloaded before import = 0
Number of asset objects unloaded after import = 15
Editor requested this worker to shutdown with reason: Scaling down because of idle timeout
TcpMessagingSession - receive error: operation aborted. errorcode: 995, details: The I/O operation has been aborted because of either a thread exit or an application request.
AssetImportWorker is now disconnected from the server
Process exiting
Exiting without the bug reporter. Application will terminate with return code 0